<?xml version="1.0" encoding="UTF-8"?>
<!-- Generated by org.testng.reporters.JUnitXMLReporter -->
<testsuite ignored="0" hostname="592546L2540" failures="0" tests="88" name="Command line test" time="0.327" errors="0" timestamp="2021-09-14T22:27:31 COT">
  <testcase classname="cs.ing.software.lab1.VehiculoTest" name="ReabastecerAutoConTanqueLleno" time="0.036"/>
  <testcase classname="cs.ing.software.lab1.VehiculoTest" name="ReabastecerAutoConTanqueVacio" time="0.006"/>
  <testcase classname="cs.ing.software.lab1.VehiculoTest" name="ReabastecerCamionConTanqueLleno" time="0.003"/>
  <testcase classname="cs.ing.software.lab1.VehiculoTest" name="ReabastecerCamionConTanqueVacio" time="0.001"/>
  <testcase classname="cs.ing.software.lab1.VehiculoTest" name="ReabastecerCamionPorSegundaVez" time="0.001"/>
  <testcase classname="cs.ing.software.lab1.VehiculoTest" name="TestDeStress" time="0.001"/>
  <testcase classname="cs.ing.software.lab1.VehiculoTest" name="TestDeStress" time="0.001"/>
  <testcase classname="cs.ing.software.lab1.VehiculoTest" name="TestDeStress" time="0.0"/>
  <testcase classname="cs.ing.software.lab1.VehiculoTest" name="TestDeStress" time="0.0"/>
  <testcase classname="cs.ing.software.lab1.VehiculoTest" name="TestDeStress" time="0.0"/>
  <testcase classname="cs.ing.software.lab1.VehiculoTest" name="TestDeStress" time="0.002"/>
  <testcase classname="cs.ing.software.lab1.VehiculoTest" name="TestDeStress" time="0.001"/>
  <testcase classname="cs.ing.software.lab1.VehiculoTest" name="TestDeStress" time="0.001"/>
  <testcase classname="cs.ing.software.lab1.VehiculoTest" name="TestDeStress" time="0.001"/>
  <testcase classname="cs.ing.software.lab1.VehiculoTest" name="TestDeStress" time="0.001"/>
  <testcase classname="cs.ing.software.lab1.VehiculoTest" name="TestDeStress" time="0.001"/>
  <testcase classname="cs.ing.software.lab1.VehiculoTest" name="TestDeStress" time="0.001"/>
  <testcase classname="cs.ing.software.lab1.VehiculoTest" name="TestDeStress" time="0.001"/>
  <testcase classname="cs.ing.software.lab1.VehiculoTest" name="TestDeStress" time="0.0"/>
  <testcase classname="cs.ing.software.lab1.VehiculoTest" name="TestDeStress" time="0.003"/>
  <testcase classname="cs.ing.software.lab1.VehiculoTest" name="TestDeStress" time="0.001"/>
  <testcase classname="cs.ing.software.lab1.VehiculoTest" name="TestDeStress" time="0.002"/>
  <testcase classname="cs.ing.software.lab1.VehiculoTest" name="TestDeStress" time="0.0"/>
  <testcase classname="cs.ing.software.lab1.VehiculoTest" name="TestDeStress" time="0.0"/>
  <testcase classname="cs.ing.software.lab1.VehiculoTest" name="TestDeStress" time="0.0"/>
  <testcase classname="cs.ing.software.lab1.VehiculoTest" name="TestDeStress" time="0.0"/>
  <testcase classname="cs.ing.software.lab1.VehiculoTest" name="TestDeStress" time="0.0"/>
  <testcase classname="cs.ing.software.lab1.VehiculoTest" name="TestDeStress" time="0.0"/>
  <testcase classname="cs.ing.software.lab1.VehiculoTest" name="TestDeStress" time="0.0"/>
  <testcase classname="cs.ing.software.lab1.VehiculoTest" name="TestDeStress" time="0.001"/>
  <testcase classname="cs.ing.software.lab1.VehiculoTest" name="TestDeStress" time="0.0"/>
  <testcase classname="cs.ing.software.lab1.VehiculoTest" name="TestDeStress" time="0.001"/>
  <testcase classname="cs.ing.software.lab1.VehiculoTest" name="TestDeStress" time="0.001"/>
  <testcase classname="cs.ing.software.lab1.VehiculoTest" name="TestDeStress" time="0.0"/>
  <testcase classname="cs.ing.software.lab1.VehiculoTest" name="TestDeStress" time="0.0"/>
  <testcase classname="cs.ing.software.lab1.VehiculoTest" name="TestDeStress" time="0.0"/>
  <testcase classname="cs.ing.software.lab1.VehiculoTest" name="TestDeStress" time="0.001"/>
  <testcase classname="cs.ing.software.lab1.VehiculoTest" name="TestDeStress" time="0.0"/>
  <testcase classname="cs.ing.software.lab1.VehiculoTest" name="TestDeStress" time="0.0"/>
  <testcase classname="cs.ing.software.lab1.VehiculoTest" name="TestDeStress" time="0.001"/>
  <testcase classname="cs.ing.software.lab1.VehiculoTest" name="TestDeStress" time="0.0"/>
  <testcase classname="cs.ing.software.lab1.VehiculoTest" name="TestDeStress" time="0.0"/>
  <testcase classname="cs.ing.software.lab1.VehiculoTest" name="TestDeStress" time="0.0"/>
  <testcase classname="cs.ing.software.lab1.VehiculoTest" name="TestDeStress" time="0.0"/>
  <testcase classname="cs.ing.software.lab1.VehiculoTest" name="TestDeStress" time="0.001"/>
  <testcase classname="cs.ing.software.lab1.VehiculoTest" name="TestDeStress" time="0.0"/>
  <testcase classname="cs.ing.software.lab1.VehiculoTest" name="TestDeStress" time="0.0"/>
  <testcase classname="cs.ing.software.lab1.VehiculoTest" name="TestDeStress" time="0.001"/>
  <testcase classname="cs.ing.software.lab1.VehiculoTest" name="TestDeStress" time="0.0"/>
  <testcase classname="cs.ing.software.lab1.VehiculoTest" name="TestDeStress" time="0.0"/>
  <testcase classname="cs.ing.software.lab1.VehiculoTest" name="TestDeStress" time="0.0"/>
  <testcase classname="cs.ing.software.lab1.VehiculoTest" name="TestDeStress" time="0.0"/>
  <testcase classname="cs.ing.software.lab1.VehiculoTest" name="TestDeStress" time="0.0"/>
  <testcase classname="cs.ing.software.lab1.VehiculoTest" name="TestDeStress" time="0.0"/>
  <testcase classname="cs.ing.software.lab1.VehiculoTest" name="TestDeStress" time="0.002"/>
  <testcase classname="cs.ing.software.lab1.VehiculoTest" name="TestDeStress" time="0.0"/>
  <testcase classname="cs.ing.software.lab1.VehiculoTest" name="TestDeStress" time="0.0"/>
  <testcase classname="cs.ing.software.lab1.VehiculoTest" name="TestDeStress" time="0.001"/>
  <testcase classname="cs.ing.software.lab1.VehiculoTest" name="TestDeStress" time="0.0"/>
  <testcase classname="cs.ing.software.lab1.VehiculoTest" name="TestDeStress" time="0.0"/>
  <testcase classname="cs.ing.software.lab1.VehiculoTest" name="TestDeStress" time="0.0"/>
  <testcase classname="cs.ing.software.lab1.VehiculoTest" name="TestDeStress" time="0.0"/>
  <testcase classname="cs.ing.software.lab1.VehiculoTest" name="TestDeStress" time="0.0"/>
  <testcase classname="cs.ing.software.lab1.VehiculoTest" name="TestDeStress" time="0.001"/>
  <testcase classname="cs.ing.software.lab1.VehiculoTest" name="TestDeStress" time="0.001"/>
  <testcase classname="cs.ing.software.lab1.VehiculoTest" name="TestDeStress" time="0.001"/>
  <testcase classname="cs.ing.software.lab1.VehiculoTest" name="TestDeStress" time="0.0"/>
  <testcase classname="cs.ing.software.lab1.VehiculoTest" name="TestDeStress" time="0.0"/>
  <testcase classname="cs.ing.software.lab1.VehiculoTest" name="TestDeStress" time="0.001"/>
  <testcase classname="cs.ing.software.lab1.VehiculoTest" name="TestDeStress" time="0.001"/>
  <testcase classname="cs.ing.software.lab1.VehiculoTest" name="TestDeStress" time="0.001"/>
  <testcase classname="cs.ing.software.lab1.VehiculoTest" name="TestDeStress" time="0.0"/>
  <testcase classname="cs.ing.software.lab1.VehiculoTest" name="TestDeStress" time="0.001"/>
  <testcase classname="cs.ing.software.lab1.VehiculoTest" name="TestDeStress" time="0.0"/>
  <testcase classname="cs.ing.software.lab1.VehiculoTest" name="TestDeStress" time="0.001"/>
  <testcase classname="cs.ing.software.lab1.VehiculoTest" name="TestDeStress" time="0.001"/>
  <testcase classname="cs.ing.software.lab1.VehiculoTest" name="TestDeStress" time="0.001"/>
  <testcase classname="cs.ing.software.lab1.VehiculoTest" name="TestDeStress" time="0.001"/>
  <testcase classname="cs.ing.software.lab1.VehiculoTest" name="TestDeStress" time="0.001"/>
  <testcase classname="cs.ing.software.lab1.VehiculoTest" name="TestDeStress" time="0.0"/>
  <testcase classname="cs.ing.software.lab1.VehiculoTest" name="TestDeStress" time="0.001"/>
  <testcase classname="cs.ing.software.lab1.VehiculoTest" name="TestDeStress" time="0.001"/>
  <testcase classname="cs.ing.software.lab1.VehiculoTest" name="TestDeStress" time="0.001"/>
  <testcase classname="cs.ing.software.lab1.VehiculoTest" name="TestDeStress" time="0.002"/>
  <testcase classname="cs.ing.software.lab1.VehiculoTest" name="TestDeStress" time="0.0"/>
  <testcase classname="cs.ing.software.lab1.VehiculoTest" name="Viajar40kmEnAuto" time="0.002"/>
  <testcase classname="cs.ing.software.lab1.VehiculoTest" name="Viajar4kmEnAuto" time="0.018"/>
  <testcase classname="cs.ing.software.lab1.VehiculoTest" name="Viajar4kmEnCamion" time="0.001"/>
</testsuite> <!-- Command line test -->
