<?xml version="1.0" encoding="UTF-8"?>
<!-- Generated by org.testng.reporters.JUnitXMLReporter -->
<testsuite ignored="0" hostname="592546L2540" failures="0" tests="88" name="Command line test" time="0.162" errors="0" timestamp="2021-09-15T10:08:48 COT">
  <testcase classname="cs.ing.software.lab1.VehiculoTest" name="PruebaEstres" time="0.03"/>
  <testcase classname="cs.ing.software.lab1.VehiculoTest" name="PruebaEstres" time="0.028"/>
  <testcase classname="cs.ing.software.lab1.VehiculoTest" name="PruebaEstres" time="0.028"/>
  <testcase classname="cs.ing.software.lab1.VehiculoTest" name="PruebaEstres" time="0.029"/>
  <testcase classname="cs.ing.software.lab1.VehiculoTest" name="PruebaEstres" time="0.03"/>
  <testcase classname="cs.ing.software.lab1.VehiculoTest" name="PruebaEstres" time="0.028"/>
  <testcase classname="cs.ing.software.lab1.VehiculoTest" name="PruebaEstres" time="0.03"/>
  <testcase classname="cs.ing.software.lab1.VehiculoTest" name="PruebaEstres" time="0.028"/>
  <testcase classname="cs.ing.software.lab1.VehiculoTest" name="PruebaEstres" time="0.028"/>
  <testcase classname="cs.ing.software.lab1.VehiculoTest" name="PruebaEstres" time="0.028"/>
  <testcase classname="cs.ing.software.lab1.VehiculoTest" name="PruebaEstres" time="0.03"/>
  <testcase classname="cs.ing.software.lab1.VehiculoTest" name="PruebaEstres" time="0.03"/>
  <testcase classname="cs.ing.software.lab1.VehiculoTest" name="PruebaEstres" time="0.03"/>
  <testcase classname="cs.ing.software.lab1.VehiculoTest" name="PruebaEstres" time="0.028"/>
  <testcase classname="cs.ing.software.lab1.VehiculoTest" name="PruebaEstres" time="0.029"/>
  <testcase classname="cs.ing.software.lab1.VehiculoTest" name="PruebaEstres" time="0.029"/>
  <testcase classname="cs.ing.software.lab1.VehiculoTest" name="PruebaEstres" time="0.028"/>
  <testcase classname="cs.ing.software.lab1.VehiculoTest" name="PruebaEstres" time="0.028"/>
  <testcase classname="cs.ing.software.lab1.VehiculoTest" name="PruebaEstres" time="0.03"/>
  <testcase classname="cs.ing.software.lab1.VehiculoTest" name="PruebaEstres" time="0.028"/>
  <testcase classname="cs.ing.software.lab1.VehiculoTest" name="PruebaEstres" time="0.028"/>
  <testcase classname="cs.ing.software.lab1.VehiculoTest" name="PruebaEstres" time="0.029"/>
  <testcase classname="cs.ing.software.lab1.VehiculoTest" name="PruebaEstres" time="0.029"/>
  <testcase classname="cs.ing.software.lab1.VehiculoTest" name="PruebaEstres" time="0.028"/>
  <testcase classname="cs.ing.software.lab1.VehiculoTest" name="PruebaEstres" time="0.03"/>
  <testcase classname="cs.ing.software.lab1.VehiculoTest" name="PruebaEstres" time="0.03"/>
  <testcase classname="cs.ing.software.lab1.VehiculoTest" name="PruebaEstres" time="0.028"/>
  <testcase classname="cs.ing.software.lab1.VehiculoTest" name="PruebaEstres" time="0.028"/>
  <testcase classname="cs.ing.software.lab1.VehiculoTest" name="PruebaEstres" time="0.029"/>
  <testcase classname="cs.ing.software.lab1.VehiculoTest" name="PruebaEstres" time="0.03"/>
  <testcase classname="cs.ing.software.lab1.VehiculoTest" name="PruebaEstres" time="0.03"/>
  <testcase classname="cs.ing.software.lab1.VehiculoTest" name="PruebaEstres" time="0.029"/>
  <testcase classname="cs.ing.software.lab1.VehiculoTest" name="PruebaEstres" time="0.03"/>
  <testcase classname="cs.ing.software.lab1.VehiculoTest" name="PruebaEstres" time="0.027"/>
  <testcase classname="cs.ing.software.lab1.VehiculoTest" name="PruebaEstres" time="0.03"/>
  <testcase classname="cs.ing.software.lab1.VehiculoTest" name="PruebaEstres" time="0.028"/>
  <testcase classname="cs.ing.software.lab1.VehiculoTest" name="PruebaEstres" time="0.028"/>
  <testcase classname="cs.ing.software.lab1.VehiculoTest" name="PruebaEstres" time="0.028"/>
  <testcase classname="cs.ing.software.lab1.VehiculoTest" name="PruebaEstres" time="0.03"/>
  <testcase classname="cs.ing.software.lab1.VehiculoTest" name="PruebaEstres" time="0.028"/>
  <testcase classname="cs.ing.software.lab1.VehiculoTest" name="PruebaEstres" time="0.03"/>
  <testcase classname="cs.ing.software.lab1.VehiculoTest" name="PruebaEstres" time="0.03"/>
  <testcase classname="cs.ing.software.lab1.VehiculoTest" name="PruebaEstres" time="0.029"/>
  <testcase classname="cs.ing.software.lab1.VehiculoTest" name="PruebaEstres" time="0.027"/>
  <testcase classname="cs.ing.software.lab1.VehiculoTest" name="PruebaEstres" time="0.03"/>
  <testcase classname="cs.ing.software.lab1.VehiculoTest" name="PruebaEstres" time="0.029"/>
  <testcase classname="cs.ing.software.lab1.VehiculoTest" name="PruebaEstres" time="0.028"/>
  <testcase classname="cs.ing.software.lab1.VehiculoTest" name="PruebaEstres" time="0.029"/>
  <testcase classname="cs.ing.software.lab1.VehiculoTest" name="PruebaEstres" time="0.03"/>
  <testcase classname="cs.ing.software.lab1.VehiculoTest" name="PruebaEstres" time="0.028"/>
  <testcase classname="cs.ing.software.lab1.VehiculoTest" name="PruebaEstres" time="0.03"/>
  <testcase classname="cs.ing.software.lab1.VehiculoTest" name="PruebaEstres" time="0.03"/>
  <testcase classname="cs.ing.software.lab1.VehiculoTest" name="PruebaEstres" time="0.03"/>
  <testcase classname="cs.ing.software.lab1.VehiculoTest" name="PruebaEstres" time="0.03"/>
  <testcase classname="cs.ing.software.lab1.VehiculoTest" name="PruebaEstres" time="0.03"/>
  <testcase classname="cs.ing.software.lab1.VehiculoTest" name="PruebaEstres" time="0.03"/>
  <testcase classname="cs.ing.software.lab1.VehiculoTest" name="PruebaEstres" time="0.03"/>
  <testcase classname="cs.ing.software.lab1.VehiculoTest" name="PruebaEstres" time="0.03"/>
  <testcase classname="cs.ing.software.lab1.VehiculoTest" name="PruebaEstres" time="0.03"/>
  <testcase classname="cs.ing.software.lab1.VehiculoTest" name="PruebaEstres" time="0.03"/>
  <testcase classname="cs.ing.software.lab1.VehiculoTest" name="PruebaEstres" time="0.03"/>
  <testcase classname="cs.ing.software.lab1.VehiculoTest" name="PruebaEstres" time="0.028"/>
  <testcase classname="cs.ing.software.lab1.VehiculoTest" name="PruebaEstres" time="0.03"/>
  <testcase classname="cs.ing.software.lab1.VehiculoTest" name="PruebaEstres" time="0.03"/>
  <testcase classname="cs.ing.software.lab1.VehiculoTest" name="PruebaEstres" time="0.03"/>
  <testcase classname="cs.ing.software.lab1.VehiculoTest" name="PruebaEstres" time="0.03"/>
  <testcase classname="cs.ing.software.lab1.VehiculoTest" name="PruebaEstres" time="0.029"/>
  <testcase classname="cs.ing.software.lab1.VehiculoTest" name="PruebaEstres" time="0.029"/>
  <testcase classname="cs.ing.software.lab1.VehiculoTest" name="PruebaEstres" time="0.028"/>
  <testcase classname="cs.ing.software.lab1.VehiculoTest" name="PruebaEstres" time="0.028"/>
  <testcase classname="cs.ing.software.lab1.VehiculoTest" name="PruebaEstres" time="0.026"/>
  <testcase classname="cs.ing.software.lab1.VehiculoTest" name="PruebaEstres" time="0.029"/>
  <testcase classname="cs.ing.software.lab1.VehiculoTest" name="PruebaEstres" time="0.029"/>
  <testcase classname="cs.ing.software.lab1.VehiculoTest" name="PruebaEstres" time="0.029"/>
  <testcase classname="cs.ing.software.lab1.VehiculoTest" name="PruebaEstres" time="0.03"/>
  <testcase classname="cs.ing.software.lab1.VehiculoTest" name="PruebaEstres" time="0.028"/>
  <testcase classname="cs.ing.software.lab1.VehiculoTest" name="PruebaEstres" time="0.03"/>
  <testcase classname="cs.ing.software.lab1.VehiculoTest" name="PruebaEstres" time="0.029"/>
  <testcase classname="cs.ing.software.lab1.VehiculoTest" name="PruebaEstres" time="0.028"/>
  <testcase classname="cs.ing.software.lab1.VehiculoTest" name="PruebaEstres" time="0.03"/>
  <testcase classname="cs.ing.software.lab1.VehiculoTest" name="ReaAutoConTanqueLleno" time="0.002"/>
  <testcase classname="cs.ing.software.lab1.VehiculoTest" name="ReaAutoTanqueVacio" time="0.004"/>
  <testcase classname="cs.ing.software.lab1.VehiculoTest" name="ReabCamionConTanqueLleno" time="0.0"/>
  <testcase classname="cs.ing.software.lab1.VehiculoTest" name="ReabCamionConTanqueVacio" time="0.001"/>
  <testcase classname="cs.ing.software.lab1.VehiculoTest" name="ReabCamionPorVez2" time="0.0"/>
  <testcase classname="cs.ing.software.lab1.VehiculoTest" name="ViajarAuto4" time="0.013"/>
  <testcase classname="cs.ing.software.lab1.VehiculoTest" name="ViajarAuto40" time="0.001"/>
  <testcase classname="cs.ing.software.lab1.VehiculoTest" name="ViajarCamion4" time="0.001"/>
</testsuite> <!-- Command line test -->
